Base path: C:/Program Files/Unity/Hub/Editor/2018.3.0f2/Editor/Data
Cmd: initializeCompiler
Cmd: compileComputeKernel
  error: 1 plat 4 at LOD_SelectionCompute.compute(36): signed/unsigned mismatch, unsigned assumed
  error: 1 plat 4 at LOD_SelectionCompute.compute(60): signed/unsigned mismatch, unsigned assumed
  api=4 insize=1752 outsize=1825 ok=1
Cmd: initializeCompiler
Cmd: compileComputeKernel
  error: 1 plat 4 at LOD_SelectionCompute.compute(36): signed/unsigned mismatch, unsigned assumed
  error: 1 plat 4 at LOD_SelectionCompute.compute(76): signed/unsigned mismatch, unsigned assumed
  api=4 insize=2059 outsize=1825 ok=1
Cmd: initializeCompiler
Cmd: initializeCompiler
Cmd: initializeCompiler
Cmd: initializeCompiler
Cmd: initializeCompiler
Cmd: initializeCompiler
Cmd: initializeCompiler
Cmd: initializeCompiler
Cmd: initializeCompiler
Cmd: initializeCompiler
Cmd: initializeCompiler
Cmd: initializeCompiler
Cmd: initializeCompiler
Cmd: initializeCompiler
Cmd: initializeCompiler
Cmd: initializeCompiler
Cmd: initializeCompiler
Cmd: initializeCompiler
Cmd: compileComputeKernel
  error: 1 plat 4 at Assets/NoisesShader/Resources/NoiseUtils.cginc(71): implicit truncation of vector type
  error: 1 plat 4 at Assets/NoisesShader/Resources/NoiseUtils.cginc(136): implicit truncation of vector type
  error: 1 plat 4 at PreComputePositions.compute(23): signed/unsigned mismatch, unsigned assumed
  api=4 insize=1834 outsize=2505 ok=1
Cmd: initializeCompiler
Cmd: compileComputeKernel
  error: 1 plat 4 at ObjectCollisionDetect.compute(46): signed/unsigned mismatch, unsigned assumed
  error: 1 plat 4 at ObjectCollisionDetect.compute(58): 'Load': implicit truncation of vector type
  error: 1 plat 4 at ObjectCollisionDetect.compute(59): 'Load': implicit truncation of vector type
  error: 1 plat 4 at ObjectCollisionDetect.compute(60): 'Load': implicit truncation of vector type
  error: 1 plat 4 at ObjectCollisionDetect.compute(61): 'Load': implicit truncation of vector type
  error: 1 plat 4 at ObjectCollisionDetect.compute(183): signed/unsigned mismatch, unsigned assumed
  api=4 insize=5687 outsize=641 ok=1
Cmd: compileComputeKernel
  error: 2 plat 4 at ObjectCollisionDetect.compute(13): redefinition of '_collisionmapAtlas'
  api=4 insize=5569 outsize=0 ok=0
Cmd: initializeCompiler
Cmd: initializeCompiler
Cmd: compileComputeKernel
  error: 1 plat 4 at ObjectCollisionDetect.compute(46): signed/unsigned mismatch, unsigned assumed
  error: 1 plat 4 at ObjectCollisionDetect.compute(58): 'Load': implicit truncation of vector type
  error: 1 plat 4 at ObjectCollisionDetect.compute(59): 'Load': implicit truncation of vector type
  error: 1 plat 4 at ObjectCollisionDetect.compute(60): 'Load': implicit truncation of vector type
  error: 1 plat 4 at ObjectCollisionDetect.compute(61): 'Load': implicit truncation of vector type
  error: 1 plat 4 at ObjectCollisionDetect.compute(183): signed/unsigned mismatch, unsigned assumed
  api=4 insize=5565 outsize=1029 ok=1
Cmd: initializeCompiler
Cmd: initializeCompiler
Cmd: initializeCompiler
Cmd: initializeCompiler
Cmd: initializeCompiler
Cmd: initializeCompiler
Cmd: initializeCompiler
