Base path: C:/Program Files/Unity/Hub/Editor/2018.3.0f2/Editor/Data
Cmd: initializeCompiler
Cmd: compileComputeKernel
  api=4 insize=1296 outsize=1445 ok=1
Cmd: initializeCompiler
Cmd: initializeCompiler
Cmd: initializeCompiler
Cmd: initializeCompiler
Cmd: initializeCompiler
Cmd: initializeCompiler
Cmd: initializeCompiler
Cmd: initializeCompiler
Cmd: initializeCompiler
Cmd: initializeCompiler
Cmd: compileComputeKernel
  api=4 insize=1489 outsize=3449 ok=1
Cmd: initializeCompiler
Cmd: compileComputeKernel
  api=4 insize=1345 outsize=1553 ok=1
Cmd: initializeCompiler
Cmd: initializeCompiler
Cmd: initializeCompiler
Cmd: initializeCompiler
Cmd: compileComputeKernel
  api=4 insize=1346 outsize=1553 ok=1
Cmd: initializeCompiler
Cmd: initializeCompiler
Cmd: initializeCompiler
Cmd: compileComputeKernel
  error: 2 plat 4 at LOD_SelectionCompute.compute(33): syntax error: unexpected token 'id'
  error: 1 plat 4 at LOD_SelectionCompute.compute(33): signed/unsigned mismatch, unsigned assumed
  error: 2 plat 4 at LOD_SelectionCompute.compute(52): syntax error: unexpected token 'id'
  error: 1 plat 4 at LOD_SelectionCompute.compute(52): signed/unsigned mismatch, unsigned assumed
  api=4 insize=1535 outsize=0 ok=0
Cmd: initializeCompiler
Cmd: initializeCompiler
Cmd: initializeCompiler
Cmd: initializeCompiler
Cmd: initializeCompiler
Cmd: initializeCompiler
Cmd: initializeCompiler
Cmd: initializeCompiler
Cmd: initializeCompiler
Cmd: initializeCompiler
