Base path: C:/Program Files/Unity/Hub/Editor/2018.3.0f2/Editor/Data
Cmd: initializeCompiler
Cmd: initializeCompiler
Cmd: initializeCompiler
Cmd: preprocess
  insize=10576 outsize=1359 ok=1
Cmd: compileSnippet
  error: 1 plat 4 at UnityStandardShadowCustom.cginc(95): floating point division by zero\nCompiling Vertex program with UNITY_PASS_SHADOWCASTER SHADOWS_DEPTH
Platform defines: UNITY_ENABLE_REFLECTION_BUFFERS UNITY_USE_DITHER_MASK_FOR_ALPHABLENDED_SHADOWS UNITY_PBS_USE_BRDF1 UNITY_SPECCUBE_BOX_PROJECTION UNITY_SPECCUBE_BLENDING UNITY_ENABLE_DETAIL_NORMALMAP SHADER_API_DESKTOP UNITY_COLORSPACE_GAMMA UNITY_LIGHT_PROBE_PROXY_VOLUME UNITY_LIGHTMAP_FULL_HDR
  api=4 type=0 insize=1114 outsize=4790 kw=UNITY_PASS_SHADOWCASTER SHADOWS_DEPTH pd=UNITY_ENABLE_REFLECTION_BUFFERS UNITY_USE_DITHER_MASK_FOR_ALPHABLENDED_SHADOWS UNITY_PBS_USE_BRDF1 UNITY_SPECCUBE_BOX_PROJECTION UNITY_SPECCUBE_BLENDING UNITY_ENABLE_DETAIL_NORMALMAP SHADER_API_DESKTOP UNITY_COLORSPACE_GAMMA UNITY_LIGHT_PROBE_PROXY_VOLUME UNITY_LIGHTMAP_FULL_HDR ok=1
Cmd: compileSnippet
  api=4 type=1 insize=1114 outsize=482 kw=UNITY_PASS_SHADOWCASTER SHADOWS_DEPTH pd=UNITY_ENABLE_REFLECTION_BUFFERS UNITY_USE_DITHER_MASK_FOR_ALPHABLENDED_SHADOWS UNITY_PBS_USE_BRDF1 UNITY_SPECCUBE_BOX_PROJECTION UNITY_SPECCUBE_BLENDING UNITY_ENABLE_DETAIL_NORMALMAP SHADER_API_DESKTOP UNITY_COLORSPACE_GAMMA UNITY_LIGHT_PROBE_PROXY_VOLUME UNITY_LIGHTMAP_FULL_HDR ok=1
Cmd: compileSnippet
  error: 1 plat 4 at (135): floating point division by zero\nCompiling Vertex program with UNITY_PASS_DEFERRED
Platform defines: UNITY_ENABLE_REFLECTION_BUFFERS UNITY_USE_DITHER_MASK_FOR_ALPHABLENDED_SHADOWS UNITY_PBS_USE_BRDF1 UNITY_SPECCUBE_BOX_PROJECTION UNITY_SPECCUBE_BLENDING UNITY_ENABLE_DETAIL_NORMALMAP SHADER_API_DESKTOP UNITY_COLORSPACE_GAMMA UNITY_LIGHT_PROBE_PROXY_VOLUME UNITY_LIGHTMAP_FULL_HDR
  api=4 type=0 insize=9112 outsize=4994 kw=UNITY_PASS_DEFERRED pd=UNITY_ENABLE_REFLECTION_BUFFERS UNITY_USE_DITHER_MASK_FOR_ALPHABLENDED_SHADOWS UNITY_PBS_USE_BRDF1 UNITY_SPECCUBE_BOX_PROJECTION UNITY_SPECCUBE_BLENDING UNITY_ENABLE_DETAIL_NORMALMAP SHADER_API_DESKTOP UNITY_COLORSPACE_GAMMA UNITY_LIGHT_PROBE_PROXY_VOLUME UNITY_LIGHTMAP_FULL_HDR ok=1
Cmd: compileSnippet
  api=4 type=1 insize=9112 outsize=1354 kw=UNITY_PASS_DEFERRED pd=UNITY_ENABLE_REFLECTION_BUFFERS UNITY_USE_DITHER_MASK_FOR_ALPHABLENDED_SHADOWS UNITY_PBS_USE_BRDF1 UNITY_SPECCUBE_BOX_PROJECTION UNITY_SPECCUBE_BLENDING UNITY_ENABLE_DETAIL_NORMALMAP SHADER_API_DESKTOP UNITY_COLORSPACE_GAMMA UNITY_LIGHT_PROBE_PROXY_VOLUME UNITY_LIGHTMAP_FULL_HDR ok=1
Cmd: preprocessCompute
  insize=1835 outsize=1834 ok=1
Cmd: preprocessCompute
  insize=5475 outsize=5478 ok=1
Cmd: compileComputeKernel
  error: 1 plat 4 at ObjectCollisionDetect.compute(46): signed/unsigned mismatch, unsigned assumed
  error: 1 plat 4 at ObjectCollisionDetect.compute(58): 'Load': implicit truncation of vector type
  error: 1 plat 4 at ObjectCollisionDetect.compute(59): 'Load': implicit truncation of vector type
  error: 1 plat 4 at ObjectCollisionDetect.compute(60): 'Load': implicit truncation of vector type
  error: 1 plat 4 at ObjectCollisionDetect.compute(61): 'Load': implicit truncation of vector type
  error: 1 plat 4 at ObjectCollisionDetect.compute(183): signed/unsigned mismatch, unsigned assumed
  api=4 insize=5478 outsize=1029 ok=1
Cmd: preprocessCompute
  insize=1361 outsize=1360 ok=1
Cmd: initializeCompiler
Cmd: initializeCompiler
Cmd: initializeCompiler
Cmd: initializeCompiler
Cmd: compileSnippet
  error: 1 plat 4 at UnityStandardShadowCustom.cginc(95): floating point division by zero\nCompiling Vertex program with UNITY_PASS_SHADOWCASTER SHADOWS_DEPTH PROCEDURAL_INSTANCING_ON
Platform defines: UNITY_ENABLE_REFLECTION_BUFFERS UNITY_USE_DITHER_MASK_FOR_ALPHABLENDED_SHADOWS UNITY_PBS_USE_BRDF1 UNITY_SPECCUBE_BOX_PROJECTION UNITY_SPECCUBE_BLENDING UNITY_ENABLE_DETAIL_NORMALMAP SHADER_API_DESKTOP UNITY_COLORSPACE_GAMMA UNITY_LIGHT_PROBE_PROXY_VOLUME UNITY_LIGHTMAP_FULL_HDR
  api=4 type=0 insize=1114 outsize=3930 kw=UNITY_PASS_SHADOWCASTER SHADOWS_DEPTH PROCEDURAL_INSTANCING_ON pd=UNITY_ENABLE_REFLECTION_BUFFERS UNITY_USE_DITHER_MASK_FOR_ALPHABLENDED_SHADOWS UNITY_PBS_USE_BRDF1 UNITY_SPECCUBE_BOX_PROJECTION UNITY_SPECCUBE_BLENDING UNITY_ENABLE_DETAIL_NORMALMAP SHADER_API_DESKTOP UNITY_COLORSPACE_GAMMA UNITY_LIGHT_PROBE_PROXY_VOLUME UNITY_LIGHTMAP_FULL_HDR ok=1
Cmd: compileSnippet
  api=4 type=1 insize=1114 outsize=494 kw=UNITY_PASS_SHADOWCASTER SHADOWS_DEPTH PROCEDURAL_INSTANCING_ON pd=UNITY_ENABLE_REFLECTION_BUFFERS UNITY_USE_DITHER_MASK_FOR_ALPHABLENDED_SHADOWS UNITY_PBS_USE_BRDF1 UNITY_SPECCUBE_BOX_PROJECTION UNITY_SPECCUBE_BLENDING UNITY_ENABLE_DETAIL_NORMALMAP SHADER_API_DESKTOP UNITY_COLORSPACE_GAMMA UNITY_LIGHT_PROBE_PROXY_VOLUME UNITY_LIGHTMAP_FULL_HDR ok=1
Cmd: compileSnippet
  api=4 type=0 insize=9112 outsize=3674 kw=UNITY_PASS_DEFERRED SHADOWS_SHADOWMASK LIGHTPROBE_SH UNITY_HDR_ON PROCEDURAL_INSTANCING_ON pd=UNITY_ENABLE_REFLECTION_BUFFERS UNITY_USE_DITHER_MASK_FOR_ALPHABLENDED_SHADOWS UNITY_PBS_USE_BRDF1 UNITY_SPECCUBE_BOX_PROJECTION UNITY_SPECCUBE_BLENDING UNITY_ENABLE_DETAIL_NORMALMAP SHADER_API_DESKTOP UNITY_COLORSPACE_GAMMA UNITY_LIGHT_PROBE_PROXY_VOLUME UNITY_LIGHTMAP_FULL_HDR ok=1
Cmd: compileSnippet
  api=4 type=1 insize=9112 outsize=3146 kw=UNITY_PASS_DEFERRED SHADOWS_SHADOWMASK LIGHTPROBE_SH UNITY_HDR_ON PROCEDURAL_INSTANCING_ON pd=UNITY_ENABLE_REFLECTION_BUFFERS UNITY_USE_DITHER_MASK_FOR_ALPHABLENDED_SHADOWS UNITY_PBS_USE_BRDF1 UNITY_SPECCUBE_BOX_PROJECTION UNITY_SPECCUBE_BLENDING UNITY_ENABLE_DETAIL_NORMALMAP SHADER_API_DESKTOP UNITY_COLORSPACE_GAMMA UNITY_LIGHT_PROBE_PROXY_VOLUME UNITY_LIGHTMAP_FULL_HDR ok=1
Cmd: initializeCompiler
Cmd: initializeCompiler
Cmd: initializeCompiler
Cmd: initializeCompiler
Cmd: initializeCompiler
Cmd: initializeCompiler
Cmd: initializeCompiler
Cmd: initializeCompiler
Cmd: initializeCompiler
Cmd: initializeCompiler
Cmd: initializeCompiler
Cmd: initializeCompiler
Cmd: initializeCompiler
Cmd: initializeCompiler
Cmd: initializeCompiler
Cmd: initializeCompiler
Cmd: preprocessCompute
  insize=1298 outsize=1297 ok=1
Cmd: initializeCompiler
Cmd: initializeCompiler
Cmd: preprocessCompute
  insize=1298 outsize=1297 ok=1
Cmd: preprocessCompute
  insize=1297 outsize=1296 ok=1
Cmd: preprocessCompute
  insize=1297 outsize=1296 ok=1
Cmd: initializeCompiler
Cmd: preprocessCompute
  insize=1295 outsize=1294 ok=1
Cmd: initializeCompiler
Cmd: initializeCompiler
Cmd: initializeCompiler
Cmd: preprocessCompute
  insize=1297 outsize=1296 ok=1
Cmd: preprocessCompute
  insize=1295 outsize=1294 ok=1
Cmd: preprocessCompute
  insize=1295 outsize=1294 ok=1
Cmd: preprocessCompute
  insize=1296 outsize=1295 ok=1
Cmd: preprocessCompute
  insize=1295 outsize=1294 ok=1
Cmd: compileComputeKernel
  api=4 insize=1294 outsize=1445 ok=1
Cmd: initializeCompiler
Cmd: preprocessCompute
  insize=1295 outsize=1294 ok=1
Cmd: preprocessCompute
  insize=1295 outsize=1294 ok=1
Cmd: preprocessCompute
  insize=1295 outsize=1294 ok=1
Cmd: compileComputeKernel
  error: 1 plat 4 at LOD_SelectionCompute.compute(49): loop only executes for 1 iteration(s), forcing loop to unroll
  api=4 insize=1294 outsize=1445 ok=1
Cmd: preprocessCompute
  insize=1293 outsize=1292 ok=1
Cmd: preprocessCompute
  insize=1293 outsize=1292 ok=1
Cmd: preprocessCompute
  insize=1294 outsize=1293 ok=1
Cmd: initializeCompiler
Cmd: initializeCompiler
Cmd: preprocessCompute
  insize=1293 outsize=1292 ok=1
Cmd: compileComputeKernel
  api=4 insize=1292 outsize=1597 ok=1
Cmd: initializeCompiler
Cmd: preprocessCompute
  insize=1295 outsize=1294 ok=1
Cmd: compileComputeKernel
  api=4 insize=1294 outsize=1597 ok=1
Cmd: preprocessCompute
  insize=1295 outsize=1294 ok=1
Cmd: preprocessCompute
  insize=1293 outsize=1292 ok=1
Cmd: compileComputeKernel
  api=4 insize=1292 outsize=1597 ok=1
Cmd: preprocessCompute
  insize=1293 outsize=1292 ok=1
Cmd: initializeCompiler
Cmd: preprocessCompute
  insize=1293 outsize=1292 ok=1
Cmd: initializeCompiler
Cmd: preprocessCompute
  insize=1490 outsize=1489 ok=1
Cmd: preprocessCompute
  insize=1293 outsize=1292 ok=1
Cmd: preprocessCompute
  insize=1344 outsize=1343 ok=1
Cmd: compileComputeKernel
  api=4 insize=1343 outsize=1705 ok=1
Cmd: initializeCompiler
Cmd: preprocessCompute
  insize=1346 outsize=1345 ok=1
Cmd: initializeCompiler
Cmd: initializeCompiler
Cmd: initializeCompiler
Cmd: preprocessCompute
  insize=1348 outsize=1347 ok=1
Cmd: initializeCompiler
Cmd: preprocessCompute
  insize=1347 outsize=1346 ok=1
Cmd: preprocessCompute
  insize=1365 outsize=1364 ok=1
Cmd: preprocessCompute
  insize=1366 outsize=1365 ok=1
Cmd: compileComputeKernel
  error: 1 plat 4 at LOD_SelectionCompute.compute(34): signed/unsigned mismatch, unsigned assumed
  api=4 insize=1365 outsize=1557 ok=1
Cmd: initializeCompiler
Cmd: preprocessCompute
  insize=1425 outsize=1424 ok=1
Cmd: initializeCompiler
Cmd: initializeCompiler
Cmd: preprocessCompute
  insize=1536 outsize=1535 ok=1
Cmd: initializeCompiler
Cmd: initializeCompiler
Cmd: preprocessCompute
  insize=1536 outsize=1535 ok=1
Cmd: initializeCompiler
Cmd: preprocessCompute
  insize=1542 outsize=1541 ok=1
Cmd: initializeCompiler
Cmd: preprocessCompute
  insize=1548 outsize=1547 ok=1
Cmd: preprocessCompute
  insize=1552 outsize=1551 ok=1
Cmd: preprocessCompute
  insize=1540 outsize=1539 ok=1
Cmd: initializeCompiler
Cmd: initializeCompiler
Cmd: initializeCompiler
Cmd: initializeCompiler
Cmd: initializeCompiler
Cmd: initializeCompiler
