Base path: C:/Program Files/Unity/Hub/Editor/2018.3.0f2/Editor/Data
Cmd: initializeCompiler
Cmd: compileComputeKernel
  error: 1 plat 4 at LOD_SelectionCompute.compute(36): signed/unsigned mismatch, unsigned assumed
  error: 1 plat 4 at LOD_SelectionCompute.compute(58): signed/unsigned mismatch, unsigned assumed
  api=4 insize=1763 outsize=1881 ok=1
Cmd: initializeCompiler
Cmd: initializeCompiler
Cmd: initializeCompiler
Cmd: initializeCompiler
Cmd: initializeCompiler
Cmd: initializeCompiler
Cmd: initializeCompiler
Cmd: compileComputeKernel
  error: 1 plat 4 at LOD_SelectionCompute.compute(36): signed/unsigned mismatch, unsigned assumed
  error: 1 plat 4 at LOD_SelectionCompute.compute(58): signed/unsigned mismatch, unsigned assumed
  api=4 insize=1751 outsize=1829 ok=1
Cmd: initializeCompiler
Cmd: initializeCompiler
Cmd: initializeCompiler
Cmd: initializeCompiler
Cmd: initializeCompiler
Cmd: initializeCompiler
Cmd: initializeCompiler
Cmd: initializeCompiler
Cmd: initializeCompiler
Cmd: initializeCompiler
Cmd: initializeCompiler
Cmd: initializeCompiler
Cmd: compileComputeKernel
  error: 2 plat 4 at LOD_SelectionCompute.compute(32): redefinition of '_LODRanges'
  api=4 insize=3280 outsize=0 ok=0
Cmd: initializeCompiler
Cmd: initializeCompiler
Cmd: initializeCompiler
Cmd: initializeCompiler
Cmd: initializeCompiler
Cmd: initializeCompiler
Cmd: initializeCompiler
Cmd: compileComputeKernel
  error: 1 plat 4 at ObjectCollisionDetect.compute(46): signed/unsigned mismatch, unsigned assumed
  error: 1 plat 4 at ObjectCollisionDetect.compute(58): 'Load': implicit truncation of vector type
  error: 1 plat 4 at ObjectCollisionDetect.compute(59): 'Load': implicit truncation of vector type
  error: 1 plat 4 at ObjectCollisionDetect.compute(60): 'Load': implicit truncation of vector type
  error: 1 plat 4 at ObjectCollisionDetect.compute(61): 'Load': implicit truncation of vector type
  error: 1 plat 4 at ObjectCollisionDetect.compute(183): signed/unsigned mismatch, unsigned assumed
  api=4 insize=5503 outsize=1377 ok=1
Cmd: compileComputeKernel
  error: 1 plat 4 at LOD_SelectionCompute.compute(58): signed/unsigned mismatch, unsigned assumed
  error: 1 plat 4 at LOD_SelectionCompute.compute(108): signed/unsigned mismatch, unsigned assumed
  api=4 insize=3158 outsize=3553 ok=1
Cmd: initializeCompiler
Cmd: compileComputeKernel
  error: 1 plat 4 at ObjectCollisionDetect.compute(46): signed/unsigned mismatch, unsigned assumed
  error: 1 plat 4 at ObjectCollisionDetect.compute(58): 'Load': implicit truncation of vector type
  error: 1 plat 4 at ObjectCollisionDetect.compute(59): 'Load': implicit truncation of vector type
  error: 1 plat 4 at ObjectCollisionDetect.compute(60): 'Load': implicit truncation of vector type
  error: 1 plat 4 at ObjectCollisionDetect.compute(61): 'Load': implicit truncation of vector type
  error: 1 plat 4 at ObjectCollisionDetect.compute(183): signed/unsigned mismatch, unsigned assumed
  error: 2 plat 4 at ObjectCollisionDetect.compute(192): undeclared identifier 'dir'
  api=4 insize=5677 outsize=0 ok=0
Cmd: compileComputeKernel
  error: 1 plat 4 at ObjectCollisionDetect.compute(46): signed/unsigned mismatch, unsigned assumed
  error: 1 plat 4 at ObjectCollisionDetect.compute(58): 'Load': implicit truncation of vector type
  error: 1 plat 4 at ObjectCollisionDetect.compute(59): 'Load': implicit truncation of vector type
  error: 1 plat 4 at ObjectCollisionDetect.compute(60): 'Load': implicit truncation of vector type
  error: 1 plat 4 at ObjectCollisionDetect.compute(61): 'Load': implicit truncation of vector type
  error: 1 plat 4 at ObjectCollisionDetect.compute(183): signed/unsigned mismatch, unsigned assumed
  api=4 insize=5565 outsize=625 ok=1
Cmd: compileComputeKernel
  error: 1 plat 4 at ObjectCollisionDetect.compute(46): signed/unsigned mismatch, unsigned assumed
  error: 1 plat 4 at ObjectCollisionDetect.compute(58): 'Load': implicit truncation of vector type
  error: 1 plat 4 at ObjectCollisionDetect.compute(59): 'Load': implicit truncation of vector type
  error: 1 plat 4 at ObjectCollisionDetect.compute(60): 'Load': implicit truncation of vector type
  error: 1 plat 4 at ObjectCollisionDetect.compute(61): 'Load': implicit truncation of vector type
  api=4 insize=5569 outsize=641 ok=1
Cmd: compileComputeKernel
  error: 1 plat 4 at Assets/NoisesShader/Resources/NoiseUtils.cginc(71): implicit truncation of vector type
  error: 1 plat 4 at Assets/NoisesShader/Resources/NoiseUtils.cginc(136): implicit truncation of vector type
  error: 1 plat 4 at PreComputePositions.compute(23): signed/unsigned mismatch, unsigned assumed
  api=4 insize=1834 outsize=2505 ok=1
Cmd: initializeCompiler
Cmd: compileComputeKernel
  error: 2 plat 4 at ObjectCollisionDetect.compute(13): redefinition of '_collisionmapAtlas'
  api=4 insize=5565 outsize=0 ok=0
Cmd: initializeCompiler
Cmd: initializeCompiler
Cmd: initializeCompiler
Cmd: compileComputeKernel
  error: 1 plat 4 at ObjectCollisionDetect.compute(46): signed/unsigned mismatch, unsigned assumed
  error: 1 plat 4 at ObjectCollisionDetect.compute(58): 'Load': implicit truncation of vector type
  error: 1 plat 4 at ObjectCollisionDetect.compute(59): 'Load': implicit truncation of vector type
  error: 1 plat 4 at ObjectCollisionDetect.compute(60): 'Load': implicit truncation of vector type
  error: 1 plat 4 at ObjectCollisionDetect.compute(61): 'Load': implicit truncation of vector type
  api=4 insize=5569 outsize=529 ok=1
Cmd: initializeCompiler
Cmd: initializeCompiler
Cmd: initializeCompiler
Cmd: initializeCompiler
Cmd: initializeCompiler
